<?xml version="1.0" encoding="UTF-8"?>
<!-- Generated by org.testng.reporters.JUnitReportReporter -->
<testsuite hostname="LAPTOP-4VFUT6SQ" failures="0" tests="1" name="testBase.TestBase" time="12.889" errors="0" timestamp="2023-01-20T11:08:56 IST" skipped="0">
  <testcase classname="testBase.TestBase" name="setup" time="12.889"/>
  <system-out/>
</testsuite> <!-- testBase.TestBase -->
